Using pre-set license
Built from '2022.3/staging' branch; Version is '2022.3.17f1 (4fc78088f837) revision 5228416'; Using compiler version '192829333'; Build Type 'Release'
OS: 'Windows 10  (10.0.19045) 64bit Professional' Language: 'ko' Physical Memory: 32679 MB
BatchMode: 1, IsHumanControllingUs: 0, StartBugReporterOnCrash: 0, Is64bit: 1, IsPro: 1

COMMAND LINE ARGUMENTS:
C:\Program Files\Unity\Hub\Editor\2022.3.17f1\Editor\Unity.exe
-adb2
-batchMode
-noUpm
-name
AssetImportWorker7
-projectPath
C:/Users/hun/Desktop/Unity/Project/Chapter3-2
-logFile
Logs/AssetImportWorker7.log
-srvPort
2281
Successfully changed project path to: C:/Users/hun/Desktop/Unity/Project/Chapter3-2
C:/Users/hun/Desktop/Unity/Project/Chapter3-2
[UnityMemory] Configuration Parameters - Can be set up in boot.config
    "memorysetup-bucket-allocator-granularity=16"
    "memorysetup-bucket-allocator-bucket-count=8"
    "memorysetup-bucket-allocator-block-size=33554432"
    "memorysetup-bucket-allocator-block-count=8"
    "memorysetup-main-allocator-block-size=16777216"
    "memorysetup-thread-allocator-block-size=16777216"
    "memorysetup-gfx-main-allocator-block-size=16777216"
    "memorysetup-gfx-thread-allocator-block-size=16777216"
    "memorysetup-cache-allocator-block-size=4194304"
    "memorysetup-typetree-allocator-block-size=2097152"
    "memorysetup-profiler-bucket-allocator-granularity=16"
    "memorysetup-profiler-bucket-allocator-bucket-count=8"
    "memorysetup-profiler-bucket-allocator-block-size=33554432"
    "memorysetup-profiler-bucket-allocator-block-count=8"
    "memorysetup-profiler-allocator-block-size=16777216"
    "memorysetup-profiler-editor-allocator-block-size=1048576"
    "memorysetup-temp-allocator-size-main=16777216"
    "memorysetup-job-temp-allocator-block-size=2097152"
    "memorysetup-job-temp-allocator-block-size-background=1048576"
    "memorysetup-job-temp-allocator-reduction-small-platforms=262144"
    "memorysetup-allocator-temp-initial-block-size-main=262144"
    "memorysetup-allocator-temp-initial-block-size-worker=262144"
    "memorysetup-temp-allocator-size-background-worker=32768"
    "memorysetup-temp-allocator-size-job-worker=262144"
    "memorysetup-temp-allocator-size-preload-manager=33554432"
    "memorysetup-temp-allocator-size-nav-mesh-worker=65536"
    "memorysetup-temp-allocator-size-audio-worker=65536"
    "memorysetup-temp-allocator-size-cloud-worker=32768"
    "memorysetup-temp-allocator-size-gi-baking-worker=262144"
    "memorysetup-temp-allocator-size-gfx=262144"
Player connection [27536] Host "[IP] 183.106.14.205 [Port] 0 [Flags] 2 [Guid] 3609745930 [EditorId] 3609745930 [Version] 1048832 [Id] WindowsEditor(7,hun-PC) [Debug] 1 [PackageName] WindowsEditor [ProjectName] Editor" joined multi-casting on [225.0.0.222:54997]...

Player connection [27536] Host "[IP] 183.106.14.205 [Port] 0 [Flags] 2 [Guid] 3609745930 [EditorId] 3609745930 [Version] 1048832 [Id] WindowsEditor(7,hun-PC) [Debug] 1 [PackageName] WindowsEditor [ProjectName] Editor" joined alternative multi-casting on [225.0.0.222:34997]...

[Physics::Module] Initialized MultithreadedJobDispatcher with 15 workers.
Refreshing native plugins compatible for Editor in 17.76 ms, found 4 plugins.
Preloading 0 native plugins for Editor in 0.00 ms.
Initialize engine version: 2022.3.17f1 (4fc78088f837)
[Subsystems] Discovering subsystems at path C:/Program Files/Unity/Hub/Editor/2022.3.17f1/Editor/Data/Resources/UnitySubsystems
[Subsystems] Discovering subsystems at path C:/Users/hun/Desktop/Unity/Project/Chapter3-2/Assets
GfxDevice: creating device client; threaded=0; jobified=0
Direct3D:
    Version:  Direct3D 11.0 [level 11.1]
    Renderer: NVIDIA GeForce RTX 4060 Ti (ID=0x2803)
    Vendor:   NVIDIA
    VRAM:     7949 MB
    Driver:   31.0.15.5152
Initialize mono
Mono path[0] = 'C:/Program Files/Unity/Hub/Editor/2022.3.17f1/Editor/Data/Managed'
Mono path[1] = 'C:/Program Files/Unity/Hub/Editor/2022.3.17f1/Editor/Data/MonoBleedingEdge/lib/mono/unityjit-win32'
Mono config path = 'C:/Program Files/Unity/Hub/Editor/2022.3.17f1/Editor/Data/MonoBleedingEdge/etc'
Using monoOptions --debugger-agent=transport=dt_socket,embedding=1,server=y,suspend=n,address=127.0.0.1:56864
Begin MonoManager ReloadAssembly
Registering precompiled unity dll's ...
Register platform support module: C:/Program Files/Unity/Hub/Editor/2022.3.17f1/Editor/Data/PlaybackEngines/AndroidPlayer/UnityEditor.Android.Extensions.dll
Register platform support module: C:/Program Files/Unity/Hub/Editor/2022.3.17f1/Editor/Data/PlaybackEngines/WindowsStandaloneSupport/UnityEditor.WindowsStandalone.Extensions.dll
Registered in 0.014519 seconds.
- Loaded All Assemblies, in  0.344 seconds
Native extension for WindowsStandalone target not found
Native extension for Android target not found
Android Extension - Scanning For ADB Devices 187 ms
Mono: successfully reloaded assembly
- Finished resetting the current domain, in  0.433 seconds
Domain Reload Profiling: 773ms
	BeginReloadAssembly (104ms)
		ExecutionOrderSort (0ms)
		DisableScriptedObjects (0ms)
		BackupInstance (0ms)
		ReleaseScriptingObjects (0ms)
		CreateAndSetChildDomain (1ms)
	RebuildCommonClasses (29ms)
	RebuildNativeTypeToScriptingClass (8ms)
	initialDomainReloadingComplete (64ms)
	LoadAllAssembliesAndSetupDomain (135ms)
		LoadAssemblies (100ms)
		RebuildTransferFunctionScriptingTraits (0ms)
		AnalyzeDomain (132ms)
			TypeCache.Refresh (130ms)
				TypeCache.ScanAssembly (118ms)
			ScanForSourceGeneratedMonoScriptInfo (0ms)
			ResolveRequiredComponents (0ms)
	FinalizeReload (434ms)
		ReleaseScriptCaches (0ms)
		RebuildScriptCaches (0ms)
		SetupLoadedEditorAssemblies (388ms)
			LogAssemblyErrors (0ms)
			InitializePlatformSupportModulesInManaged (270ms)
			SetLoadedEditorAssemblies (3ms)
			RefreshPlugins (0ms)
			BeforeProcessingInitializeOnLoad (1ms)
			ProcessInitializeOnLoadAttributes (83ms)
			ProcessInitializeOnLoadMethodAttributes (31ms)
			AfterProcessingInitializeOnLoad (0ms)
			EditorAssembliesLoaded (0ms)
		ExecutionOrderSort2 (0ms)
		AwakeInstancesAfterBackupRestoration (0ms)
========================================================================
Worker process is ready to serve import requests
Begin MonoManager ReloadAssembly
- Loaded All Assemblies, in  0.558 seconds
Refreshing native plugins compatible for Editor in 7.97 ms, found 4 plugins.
Native extension for WindowsStandalone target not found
Native extension for Android target not found
Package Manager log level set to [2]
[Package Manager] Server::EnsureServerProcessIsRunning -- launch failed, reason: Unity was launched with the -noUpm command-line argument
[Package Manager] UpmClient::Send -- Unable to send message (not connected to UPM process).
[Package Manager] Cannot connect to Unity Package Manager local server
Mono: successfully reloaded assembly
- Finished resetting the current domain, in  0.539 seconds
Domain Reload Profiling: 1091ms
	BeginReloadAssembly (116ms)
		ExecutionOrderSort (0ms)
		DisableScriptedObjects (4ms)
		BackupInstance (0ms)
		ReleaseScriptingObjects (0ms)
		CreateAndSetChildDomain (17ms)
	RebuildCommonClasses (23ms)
	RebuildNativeTypeToScriptingClass (7ms)
	initialDomainReloadingComplete (42ms)
	LoadAllAssembliesAndSetupDomain (363ms)
		LoadAssemblies (283ms)
		RebuildTransferFunctionScriptingTraits (0ms)
		AnalyzeDomain (149ms)
			TypeCache.Refresh (125ms)
				TypeCache.ScanAssembly (109ms)
			ScanForSourceGeneratedMonoScriptInfo (19ms)
			ResolveRequiredComponents (4ms)
	FinalizeReload (539ms)
		ReleaseScriptCaches (0ms)
		RebuildScriptCaches (0ms)
		SetupLoadedEditorAssemblies (402ms)
			LogAssemblyErrors (0ms)
			InitializePlatformSupportModulesInManaged (22ms)
			SetLoadedEditorAssemblies (2ms)
			RefreshPlugins (0ms)
			BeforeProcessingInitializeOnLoad (65ms)
			ProcessInitializeOnLoadAttributes (267ms)
			ProcessInitializeOnLoadMethodAttributes (32ms)
			AfterProcessingInitializeOnLoad (13ms)
			EditorAssembliesLoaded (0ms)
		ExecutionOrderSort2 (0ms)
		AwakeInstancesAfterBackupRestoration (5ms)
Launched and connected shader compiler UnityShaderCompiler.exe after 0.04 seconds
Refreshing native plugins compatible for Editor in 8.54 ms, found 4 plugins.
Preloading 0 native plugins for Editor in 0.00 ms.
Unloading 4410 Unused Serialized files (Serialized files now loaded: 0)
Unloading 77 unused Assets / (246.0 KB). Loaded Objects now: 4869.
Memory consumption went from 162.6 MB to 162.4 MB.
Total: 3.998200 ms (FindLiveObjects: 0.340300 ms CreateObjectMapping: 0.229700 ms MarkObjects: 3.229200 ms  DeleteObjects: 0.198400 ms)

AssetImportParameters requested are different than current active one (requested -> active):
  custom:container-demuxer-ogg: 62fdf1f143b41e24485cea50d1cbac27 -> 
  custom:video-codec-MediaFoundation-h265: 746d11721c4dcdbdad8f713fa42b33f4 -> 
  custom:video-decoder-ogg-theora: a1e56fd34408186e4bbccfd4996cb3dc -> 
  custom:framework-win-MediaFoundation: 216162199b28c13a410421893ffa2e32 -> 
  custom:CustomObjectIndexerAttribute: 6d391050e5a25f67b0a2c618074f2cd9 -> 
  custom:container-demuxer-webm: 4f35f7cbe854078d1ac9338744f61a02 -> 
  custom:container-muxer-webm: aa71ff27fc2769a1b78a27578f13a17b -> 
  custom:video-decoder-webm-vp8: 9c59270c3fd7afecdb556c50c9e8de78 -> 
  custom:SearchIndexIgnoredProperties: e643bd26f0fe6173181afceb89e7c659 -> 
  custom:AudioImporter_EditorPlatform: d09bf68614088b80899f8185d706f6e7 -> 
  custom:video-encoder-webm-vp8: eb34c28f22e8b96e1ab97ce403110664 -> 
  custom:audio-decoder-ogg-vorbis: bf7c407c2cedff20999df2af8eb42d56 -> 
  custom:audio-encoder-webm-vorbis: bf7c407c2cedff20999df2af8eb42d56 -> 
========================================================================
Received Import Request.
  Time since last request: 10673.678018 seconds.
  path: Assets/0x72_DungeonTilesetII_v1.7/frames/wall_left.png
  artifactKey: Guid(7677d286e2727c94883ff51e222f8b64) Importer(815301076,1909f56bfc062723c751e8b465ee728b)
Start importing Assets/0x72_DungeonTilesetII_v1.7/frames/wall_left.png using Guid(7677d286e2727c94883ff51e222f8b64) Importer(815301076,1909f56bfc062723c751e8b465ee728b)  -> (artifact id: '8bbcae54c04b5ca53a16950ebf13536f') in 0.066498 seconds
Number of updated asset objects reloaded before import = 0
Number of asset objects unloaded after import = 3
========================================================================
Received Import Request.
  Time since last request: 0.106214 seconds.
  path: Assets/0x72_DungeonTilesetII_v1.7/frames/wall_outer_top_left.png
  artifactKey: Guid(9ff9c987a65a4a74f98b0ec964b5e750) Importer(815301076,1909f56bfc062723c751e8b465ee728b)
Start importing Assets/0x72_DungeonTilesetII_v1.7/frames/wall_outer_top_left.png using Guid(9ff9c987a65a4a74f98b0ec964b5e750) Importer(815301076,1909f56bfc062723c751e8b465ee728b)  -> (artifact id: '95df438747120ecf5733ee6c4628e1e8') in 0.033409 seconds
Number of updated asset objects reloaded before import = 0
Number of asset objects unloaded after import = 3
========================================================================
Received Import Request.
  Time since last request: 0.168647 seconds.
  path: Assets/0x72_DungeonTilesetII_v1.7/frames/weapon_baton_with_spikes.png
  artifactKey: Guid(3fe3927d4d64c8d4e97ba45c738042ad) Importer(815301076,1909f56bfc062723c751e8b465ee728b)
Start importing Assets/0x72_DungeonTilesetII_v1.7/frames/weapon_baton_with_spikes.png using Guid(3fe3927d4d64c8d4e97ba45c738042ad) Importer(815301076,1909f56bfc062723c751e8b465ee728b)  -> (artifact id: '8df6f7a57ca75d645e67e93f9f3b3ba8') in 0.025086 seconds
Number of updated asset objects reloaded before import = 0
Number of asset objects unloaded after import = 3
========================================================================
Received Import Request.
  Time since last request: 0.000021 seconds.
  path: Assets/0x72_DungeonTilesetII_v1.7/frames/weapon_big_hammer.png
  artifactKey: Guid(95b101a52ae727c47a923c7892e428ca) Importer(815301076,1909f56bfc062723c751e8b465ee728b)
Start importing Assets/0x72_DungeonTilesetII_v1.7/frames/weapon_big_hammer.png using Guid(95b101a52ae727c47a923c7892e428ca) Importer(815301076,1909f56bfc062723c751e8b465ee728b)  -> (artifact id: '29aa7a0b7e732bafaf50b760c30b1d9a') in 0.022380 seconds
Number of updated asset objects reloaded before import = 0
Number of asset objects unloaded after import = 3
========================================================================
Received Import Request.
  Time since last request: 0.000790 seconds.
  path: Assets/0x72_DungeonTilesetII_v1.7/frames/weapon_green_magic_staff.png
  artifactKey: Guid(1d252e5d2e371ae45b481f5e607d8758) Importer(815301076,1909f56bfc062723c751e8b465ee728b)
Start importing Assets/0x72_DungeonTilesetII_v1.7/frames/weapon_green_magic_staff.png using Guid(1d252e5d2e371ae45b481f5e607d8758) Importer(815301076,1909f56bfc062723c751e8b465ee728b)  -> (artifact id: '777435a225a079e755910d983e4ae0ef') in 0.025271 seconds
Number of updated asset objects reloaded before import = 0
Number of asset objects unloaded after import = 3
========================================================================
Received Import Request.
  Time since last request: 0.000021 seconds.
  path: Assets/0x72_DungeonTilesetII_v1.7/frames/weapon_knight_sword.png
  artifactKey: Guid(6755f506447e5224680ef6ab07481a95) Importer(815301076,1909f56bfc062723c751e8b465ee728b)
Start importing Assets/0x72_DungeonTilesetII_v1.7/frames/weapon_knight_sword.png using Guid(6755f506447e5224680ef6ab07481a95) Importer(815301076,1909f56bfc062723c751e8b465ee728b)  -> (artifact id: 'ffa23f7cd894b207cc09c76f1d0cc530') in 0.028324 seconds
Number of updated asset objects reloaded before import = 0
Number of asset objects unloaded after import = 3
========================================================================
Received Import Request.
  Time since last request: 0.000022 seconds.
  path: Assets/0x72_DungeonTilesetII_v1.7/frames/wizzard_f_idle_anim_f1.png
  artifactKey: Guid(b177cd08452288b4d962df1ccff5389d) Importer(815301076,1909f56bfc062723c751e8b465ee728b)
Start importing Assets/0x72_DungeonTilesetII_v1.7/frames/wizzard_f_idle_anim_f1.png using Guid(b177cd08452288b4d962df1ccff5389d) Importer(815301076,1909f56bfc062723c751e8b465ee728b)  -> (artifact id: '19637e6615bcd0f995dd93b529c4f093') in 0.025289 seconds
Number of updated asset objects reloaded before import = 0
Number of asset objects unloaded after import = 3
========================================================================
Received Import Request.
  Time since last request: 0.000014 seconds.
  path: Assets/0x72_DungeonTilesetII_v1.7/frames/weapon_throwing_axe.png
  artifactKey: Guid(21d1bc6b8d09edf4eb97e4701aad4e96) Importer(815301076,1909f56bfc062723c751e8b465ee728b)
Start importing Assets/0x72_DungeonTilesetII_v1.7/frames/weapon_throwing_axe.png using Guid(21d1bc6b8d09edf4eb97e4701aad4e96) Importer(815301076,1909f56bfc062723c751e8b465ee728b)  -> (artifact id: '084bdc2993ad68daa184f643851dd8ae') in 0.022861 seconds
Number of updated asset objects reloaded before import = 0
Number of asset objects unloaded after import = 3
========================================================================
Received Import Request.
  Time since last request: 0.000015 seconds.
  path: Assets/0x72_DungeonTilesetII_v1.7/frames/wizzard_f_run_anim_f0.png
  artifactKey: Guid(9045fd3082f62ec44a721d03346321bd) Importer(815301076,1909f56bfc062723c751e8b465ee728b)
Start importing Assets/0x72_DungeonTilesetII_v1.7/frames/wizzard_f_run_anim_f0.png using Guid(9045fd3082f62ec44a721d03346321bd) Importer(815301076,1909f56bfc062723c751e8b465ee728b)  -> (artifact id: 'beb8535135e514d54875fa74b08aab5b') in 0.020843 seconds
Number of updated asset objects reloaded before import = 0
Number of asset objects unloaded after import = 3
========================================================================
Received Import Request.
  Time since last request: 0.000013 seconds.
  path: Assets/0x72_DungeonTilesetII_v1.7/frames/wizzard_f_run_anim_f2.png
  artifactKey: Guid(df00c3a44fcc20e4faefcc576b507b53) Importer(815301076,1909f56bfc062723c751e8b465ee728b)
Start importing Assets/0x72_DungeonTilesetII_v1.7/frames/wizzard_f_run_anim_f2.png using Guid(df00c3a44fcc20e4faefcc576b507b53) Importer(815301076,1909f56bfc062723c751e8b465ee728b)  -> (artifact id: '185f44be809c908c3fa97ba9ec911284') in 0.020317 seconds
Number of updated asset objects reloaded before import = 0
Number of asset objects unloaded after import = 3
========================================================================
Received Import Request.
  Time since last request: 0.000015 seconds.
  path: Assets/0x72_DungeonTilesetII_v1.7/frames/wizzard_m_run_anim_f3.png
  artifactKey: Guid(9ceca74bfca8cc04ab4cfe50f5364611) Importer(815301076,1909f56bfc062723c751e8b465ee728b)
Start importing Assets/0x72_DungeonTilesetII_v1.7/frames/wizzard_m_run_anim_f3.png using Guid(9ceca74bfca8cc04ab4cfe50f5364611) Importer(815301076,1909f56bfc062723c751e8b465ee728b)  -> (artifact id: 'f876ebc4d25e66ee121614d90cdd1ebd') in 0.021359 seconds
Number of updated asset objects reloaded before import = 0
Number of asset objects unloaded after import = 3
========================================================================
Received Import Request.
  Time since last request: 0.000012 seconds.
  path: Assets/0x72_DungeonTilesetII_v1.7/frames/wizzard_f_run_anim_f3.png
  artifactKey: Guid(c859c48fe036a984ca042007e7d9ed7a) Importer(815301076,1909f56bfc062723c751e8b465ee728b)
Start importing Assets/0x72_DungeonTilesetII_v1.7/frames/wizzard_f_run_anim_f3.png using Guid(c859c48fe036a984ca042007e7d9ed7a) Importer(815301076,1909f56bfc062723c751e8b465ee728b)  -> (artifact id: '6458d7075976b40927ef10205f756046') in 0.027614 seconds
Number of updated asset objects reloaded before import = 0
Number of asset objects unloaded after import = 3
========================================================================
Received Import Request.
  Time since last request: 0.000016 seconds.
  path: Assets/0x72_DungeonTilesetII_v1.7/frames/wizzard_f_idle_anim_f0.png
  artifactKey: Guid(96643e19ead4ece4986355234290305a) Importer(815301076,1909f56bfc062723c751e8b465ee728b)
Start importing Assets/0x72_DungeonTilesetII_v1.7/frames/wizzard_f_idle_anim_f0.png using Guid(96643e19ead4ece4986355234290305a) Importer(815301076,1909f56bfc062723c751e8b465ee728b)  -> (artifact id: 'ae1a433bd551fbfa0c58f740faf14678') in 0.022534 seconds
Number of updated asset objects reloaded before import = 0
Number of asset objects unloaded after import = 3
========================================================================
Received Import Request.
  Time since last request: 0.102437 seconds.
  path: Assets/0x72_DungeonTilesetII_v1.7/frames/wogol_idle_anim_f3.png
  artifactKey: Guid(72f0c2da41b908d439ef4e7f4ed7048a) Importer(815301076,1909f56bfc062723c751e8b465ee728b)
Start importing Assets/0x72_DungeonTilesetII_v1.7/frames/wogol_idle_anim_f3.png using Guid(72f0c2da41b908d439ef4e7f4ed7048a) Importer(815301076,1909f56bfc062723c751e8b465ee728b)  -> (artifact id: 'a2e006ce3a190fcd38ba2611269906e7') in 0.024299 seconds
Number of updated asset objects reloaded before import = 0
Number of asset objects unloaded after import = 3
========================================================================
Received Import Request.
  Time since last request: 0.000015 seconds.
  path: Assets/0x72_DungeonTilesetII_v1.7/frames/wogol_run_anim_f1.png
  artifactKey: Guid(a2a86681cf35dfd458e3a24882b8b667) Importer(815301076,1909f56bfc062723c751e8b465ee728b)
Start importing Assets/0x72_DungeonTilesetII_v1.7/frames/wogol_run_anim_f1.png using Guid(a2a86681cf35dfd458e3a24882b8b667) Importer(815301076,1909f56bfc062723c751e8b465ee728b)  -> (artifact id: '0c8c8b155acaa7b9d00d34f0b7779343') in 0.019379 seconds
Number of updated asset objects reloaded before import = 0
Number of asset objects unloaded after import = 3
========================================================================
Received Import Request.
  Time since last request: 0.000014 seconds.
  path: Assets/0x72_DungeonTilesetII_v1.7/frames/zombie_anim_f1.png
  artifactKey: Guid(bad5e8f39117d1d4d8721d4b938079a5) Importer(815301076,1909f56bfc062723c751e8b465ee728b)
Start importing Assets/0x72_DungeonTilesetII_v1.7/frames/zombie_anim_f1.png using Guid(bad5e8f39117d1d4d8721d4b938079a5) Importer(815301076,1909f56bfc062723c751e8b465ee728b)  -> (artifact id: '6e6ea9e64c45368b78cccbb6cb48fcb7') in 0.024415 seconds
Number of updated asset objects reloaded before import = 0
Number of asset objects unloaded after import = 3
Editor requested this worker to shutdown with reason: Scaling down because of idle timeout
TcpMessagingSession - receive error: operation aborted. errorcode: 995, details: 스레드 종료 또는 응용 프로그램 요청 때문에 I/O 작업이 취소되었습니다.
AssetImportWorker is now disconnected from the server
Process exiting
Exiting without the bug reporter. Application will terminate with return code 0